<?xml version="1.0" encoding="UTF-8"?>
<!-- Generated by org.testng.reporters.JUnitReportReporter -->
<testsuite hostname="LAPTOP-20SHTRE1" failures="0" tests="1" name="Maven_ananth_test.Mavenjava.APITest" time="0.008" errors="0" timestamp="2021-12-24T19:00:37 IST" skipped="0">
  <testcase classname="Maven_ananth_test.Mavenjava.APITest" name="api_test_1" time="0.008"/>
  <system-out/>
</testsuite> <!-- Maven_ananth_test.Mavenjava.APITest -->
